<?xml version="1.0" encoding="UTF-8"?>
<testng-results skipped="0" failed="3" total="4" passed="1">
  <reporter-output>
  </reporter-output>
  <suite name="My Test Suite" duration-ms="0" started-at="2015-08-17T15:44:14Z" finished-at="2015-08-17T15:44:14Z">
    <groups>
    </groups>
  </suite> <!-- My Test Suite -->
  <suite name="Parallel test runs" duration-ms="3099717" started-at="2015-08-17T14:52:34Z" finished-at="2015-08-17T15:44:14Z">
    <groups>
    </groups>
    <test name="T_01" duration-ms="1283913" started-at="2015-08-17T14:52:34Z" finished-at="2015-08-17T15:13:58Z">
      <class name="firstestngpackage.FirstTestNGFile">
        <test-method status="FAIL" signature="webDriver(java.lang.String, java.lang.String, java.lang.String)[pri:0, instance:firstestngpackage.FirstTestNGFile@36f0f1be]" name="webDriver" duration-ms="1280432" started-at="2015-08-17T07:52:34Z" data-provider="hardCodedBrowsers" finished-at="2015-08-17T08:13:55Z">
          <params>
            <param index="0">
              <value>
                <![CDATA[firefox]]>
              </value>
            </param>
            <param index="1">
              <value>
                <![CDATA[38]]>
              </value>
            </param>
            <param index="2">
              <value>
                <![CDATA[OSX 10.8]]>
              </value>
            </param>
          </params>
          <exception class="org.openqa.selenium.WebDriverException">
            <message>
              <![CDATA[<!DOCTYPE HTML PUBLIC "-//W3C//DTD HTML 4.01 Transitional//EN"
"http://www.w3.org/TR/html4/loose.dtd">
<html>
<head>
<meta http-equiv="Content-Type" content="text/html; charset=UTF-8">
<title>Notification: Gateway Timeout</title>
<style type="text/css">
<!--
body {
    margin-left: 2%;
    margin-right: 2%;
}
p {
    font-family: verdana, Arial, Helvetica, sans-serif;
    font-size: 12px;
    top: 0px;
    margin-top: 6px;
    margin-bottom: 6px;
}
td {
    font-family: verdana, Arial, Helvetica, sans-serif;
    font-size: 12px;
    top: 0px;
}
.code {
    font-family: courier;
    font-size: 12px;
    top: 0px;
}
h1 {
    font-family: verdana, Arial, Helvetica, sans-serif;
    font-size: 16px;
    margin-top: 24px;
    margin-bottom: 8px;
}
hr {
    margin-top: 2px;
    margin-bottom: 2px;
}
-->
</style>
</head>

<body>

<h1>This Page Cannot Be Displayed</h1>
<hr>

<p>
The system cannot communicate with the external server (&nbsp;ondemand.saucelabs.com&nbsp;).
The Internet server may be busy, may be permanently down, or may be
unreachable because of network problems.
</p>

<p>
Please check the spelling of the Internet address entered.
If it is correct, try this request later.
</p>



<p>
If you have questions, or feel this is an error, please contact
your organization's network administrator 
and provide the codes shown below.
</p>

<hr>
<table>
  <tr valign="top">
    <td valign="top" width="10%">Notification&nbsp;codes:&nbsp;</td>
    <td valign="top" class="code" width="90%">(1, GATEWAY_TIMEOUT, ondemand.saucelabs.com)</td>
  </tr>
</table>

</body>
</html>
Command duration or timeout: 420.56 seconds
Build info: version: '2.46.0', revision: '87c69e2', time: '2015-06-04 16:16:47'
System info: host: 'RSALECHA-M-6054', ip: '192.168.0.101', os.name: 'Mac OS X', os.arch: 'x86_64', os.version: '10.9.5', java.version: '1.8.0_51'
Driver info: org.openqa.selenium.remote.RemoteWebDriver
Capabilities [{applicationCacheEnabled=true, rotatable=false, hasMetadata=true, databaseEnabled=true, handlesAlerts=true, version=38.0, platform=MAC, nativeEvents=false, acceptSslCerts=true, webdriver.remote.sessionid=11dd8cec5f724baf94de993eefb935d0, locationContextEnabled=true, webStorageEnabled=true, takesScreenshot=true, browserName=firefox, javascriptEnabled=true, cssSelectorsEnabled=true}]
Session ID: 11dd8cec5f724baf94de993eefb935d0
*** Element info: {Using=xpath, value=//div[@class = 'load-more']}]]>
            </message>
            <full-stacktrace>
              <![CDATA[org.openqa.selenium.WebDriverException: <!DOCTYPE HTML PUBLIC "-//W3C//DTD HTML 4.01 Transitional//EN"
"http://www.w3.org/TR/html4/loose.dtd">
<html>
<head>
<meta http-equiv="Content-Type" content="text/html; charset=UTF-8">
<title>Notification: Gateway Timeout</title>
<style type="text/css">
<!--
body {
    margin-left: 2%;
    margin-right: 2%;
}
p {
    font-family: verdana, Arial, Helvetica, sans-serif;
    font-size: 12px;
    top: 0px;
    margin-top: 6px;
    margin-bottom: 6px;
}
td {
    font-family: verdana, Arial, Helvetica, sans-serif;
    font-size: 12px;
    top: 0px;
}
.code {
    font-family: courier;
    font-size: 12px;
    top: 0px;
}
h1 {
    font-family: verdana, Arial, Helvetica, sans-serif;
    font-size: 16px;
    margin-top: 24px;
    margin-bottom: 8px;
}
hr {
    margin-top: 2px;
    margin-bottom: 2px;
}
-->
</style>
</head>

<body>

<h1>This Page Cannot Be Displayed</h1>
<hr>

<p>
The system cannot communicate with the external server (&nbsp;ondemand.saucelabs.com&nbsp;).
The Internet server may be busy, may be permanently down, or may be
unreachable because of network problems.
</p>

<p>
Please check the spelling of the Internet address entered.
If it is correct, try this request later.
</p>



<p>
If you have questions, or feel this is an error, please contact
your organization's network administrator 
and provide the codes shown below.
</p>

<hr>
<table>
  <tr valign="top">
    <td valign="top" width="10%">Notification&nbsp;codes:&nbsp;</td>
    <td valign="top" class="code" width="90%">(1, GATEWAY_TIMEOUT, ondemand.saucelabs.com)</td>
  </tr>
</table>

</body>
</html>
Command duration or timeout: 420.56 seconds
Build info: version: '2.46.0', revision: '87c69e2', time: '2015-06-04 16:16:47'
System info: host: 'RSALECHA-M-6054', ip: '192.168.0.101', os.name: 'Mac OS X', os.arch: 'x86_64', os.version: '10.9.5', java.version: '1.8.0_51'
Driver info: org.openqa.selenium.remote.RemoteWebDriver
Capabilities [{applicationCacheEnabled=true, rotatable=false, hasMetadata=true, databaseEnabled=true, handlesAlerts=true, version=38.0, platform=MAC, nativeEvents=false, acceptSslCerts=true, webdriver.remote.sessionid=11dd8cec5f724baf94de993eefb935d0, locationContextEnabled=true, webStorageEnabled=true, takesScreenshot=true, browserName=firefox, javascriptEnabled=true, cssSelectorsEnabled=true}]
Session ID: 11dd8cec5f724baf94de993eefb935d0
*** Element info: {Using=xpath, value=//div[@class = 'load-more']}
	at sun.reflect.NativeConstructorAccessorImpl.newInstance0(Native Method)
	at sun.reflect.NativeConstructorAccessorImpl.newInstance(NativeConstructorAccessorImpl.java:62)
	at sun.reflect.DelegatingConstructorAccessorImpl.newInstance(DelegatingConstructorAccessorImpl.java:45)
	at java.lang.reflect.Constructor.newInstance(Constructor.java:422)
	at org.openqa.selenium.remote.ErrorHandler.createThrowable(ErrorHandler.java:204)
	at org.openqa.selenium.remote.ErrorHandler.throwIfResponseFailed(ErrorHandler.java:156)
	at org.openqa.selenium.remote.RemoteWebDriver.execute(RemoteWebDriver.java:605)
	at org.openqa.selenium.remote.RemoteWebDriver.findElement(RemoteWebDriver.java:358)
	at org.openqa.selenium.remote.RemoteWebDriver.findElementByXPath(RemoteWebDriver.java:455)
	at org.openqa.selenium.By$ByXPath.findElement(By.java:358)
	at org.openqa.selenium.remote.RemoteWebDriver.findElement(RemoteWebDriver.java:350)
	at firstestngpackage.FirstTestNGFile.webDriver(FirstTestNGFile.java:125)
	at sun.reflect.NativeMethodAccessorImpl.invoke0(Native Method)
	at sun.reflect.NativeMethodAccessorImpl.invoke(NativeMethodAccessorImpl.java:62)
	at sun.reflect.DelegatingMethodAccessorImpl.invoke(DelegatingMethodAccessorImpl.java:43)
	at java.lang.reflect.Method.invoke(Method.java:497)
	at org.testng.internal.MethodInvocationHelper.invokeMethod(MethodInvocationHelper.java:85)
	at org.testng.internal.Invoker.invokeMethod(Invoker.java:648)
	at org.testng.internal.Invoker.invokeTestMethod(Invoker.java:834)
	at org.testng.internal.TestMethodWithDataProviderMethodWorker.call(TestMethodWithDataProviderMethodWorker.java:75)
	at org.testng.internal.TestMethodWithDataProviderMethodWorker.call(TestMethodWithDataProviderMethodWorker.java:14)
	at java.util.concurrent.FutureTask.run(FutureTask.java:266)
	at java.util.concurrent.Executors$RunnableAdapter.call(Executors.java:511)
	at java.util.concurrent.FutureTask.run(FutureTask.java:266)
	at java.util.concurrent.ThreadPoolExecutor.runWorker(ThreadPoolExecutor.java:1142)
	at java.util.concurrent.ThreadPoolExecutor$Worker.run(ThreadPoolExecutor.java:617)
	at java.lang.Thread.run(Thread.java:745)
]]>
            </full-stacktrace>
          </exception> <!-- org.openqa.selenium.WebDriverException -->
          <reporter-output>
          </reporter-output>
        </test-method> <!-- webDriver -->
        <test-method status="FAIL" signature="webDriver(java.lang.String, java.lang.String, java.lang.String)[pri:0, instance:firstestngpackage.FirstTestNGFile@36f0f1be]" name="webDriver" duration-ms="5736" started-at="2015-08-17T07:52:34Z" data-provider="hardCodedBrowsers" finished-at="2015-08-17T07:52:40Z">
          <params>
            <param index="0">
              <value>
                <![CDATA[firefox]]>
              </value>
            </param>
            <param index="1">
              <value>
                <![CDATA[38]]>
              </value>
            </param>
            <param index="2">
              <value>
                <![CDATA[LINUX]]>
              </value>
            </param>
          </params>
          <exception class="java.lang.IndexOutOfBoundsException">
            <message>
              <![CDATA[Index: 1, Size: 0]]>
            </message>
            <full-stacktrace>
              <![CDATA[java.lang.IndexOutOfBoundsException: Index: 1, Size: 0
	at java.util.ArrayList.rangeCheck(ArrayList.java:653)
	at java.util.ArrayList.get(ArrayList.java:429)
	at firstestngpackage.FirstTestNGFile.webDriver(FirstTestNGFile.java:103)
	at sun.reflect.NativeMethodAccessorImpl.invoke0(Native Method)
	at sun.reflect.NativeMethodAccessorImpl.invoke(NativeMethodAccessorImpl.java:62)
	at sun.reflect.DelegatingMethodAccessorImpl.invoke(DelegatingMethodAccessorImpl.java:43)
	at java.lang.reflect.Method.invoke(Method.java:497)
	at org.testng.internal.MethodInvocationHelper.invokeMethod(MethodInvocationHelper.java:85)
	at org.testng.internal.Invoker.invokeMethod(Invoker.java:648)
	at org.testng.internal.Invoker.invokeTestMethod(Invoker.java:834)
	at org.testng.internal.TestMethodWithDataProviderMethodWorker.call(TestMethodWithDataProviderMethodWorker.java:75)
	at org.testng.internal.TestMethodWithDataProviderMethodWorker.call(TestMethodWithDataProviderMethodWorker.java:14)
	at java.util.concurrent.FutureTask.run(FutureTask.java:266)
	at java.util.concurrent.Executors$RunnableAdapter.call(Executors.java:511)
	at java.util.concurrent.FutureTask.run(FutureTask.java:266)
	at java.util.concurrent.ThreadPoolExecutor.runWorker(ThreadPoolExecutor.java:1142)
	at java.util.concurrent.ThreadPoolExecutor$Worker.run(ThreadPoolExecutor.java:617)
	at java.lang.Thread.run(Thread.java:745)
]]>
            </full-stacktrace>
          </exception> <!-- java.lang.IndexOutOfBoundsException -->
          <reporter-output>
          </reporter-output>
        </test-method> <!-- webDriver -->
      </class> <!-- firstestngpackage.FirstTestNGFile -->
    </test> <!-- T_01 -->
    <test name="T_02" duration-ms="3099717" started-at="2015-08-17T14:52:34Z" finished-at="2015-08-17T15:44:14Z">
      <class name="firstestngpackage.SecondTestNGFile">
        <test-method status="FAIL" signature="webDriver(java.lang.String, java.lang.String, java.lang.String)[pri:0, instance:firstestngpackage.SecondTestNGFile@358c99f5]" name="webDriver" duration-ms="3099314" started-at="2015-08-17T07:52:34Z" data-provider="hardCodedBrowsers" finished-at="2015-08-17T08:44:13Z">
          <params>
            <param index="0">
              <value>
                <![CDATA[firefox]]>
              </value>
            </param>
            <param index="1">
              <value>
                <![CDATA[38]]>
              </value>
            </param>
            <param index="2">
              <value>
                <![CDATA[OSX 10.8]]>
              </value>
            </param>
          </params>
          <exception class="org.openqa.selenium.WebDriverException">
            <message>
              <![CDATA[<!DOCTYPE HTML PUBLIC "-//W3C//DTD HTML 4.01 Transitional//EN"
"http://www.w3.org/TR/html4/loose.dtd">
<html>
<head>
<meta http-equiv="Content-Type" content="text/html; charset=UTF-8">
<title>Notification: Gateway Timeout</title>
<style type="text/css">
<!--
body {
    margin-left: 2%;
    margin-right: 2%;
}
p {
    font-family: verdana, Arial, Helvetica, sans-serif;
    font-size: 12px;
    top: 0px;
    margin-top: 6px;
    margin-bottom: 6px;
}
td {
    font-family: verdana, Arial, Helvetica, sans-serif;
    font-size: 12px;
    top: 0px;
}
.code {
    font-family: courier;
    font-size: 12px;
    top: 0px;
}
h1 {
    font-family: verdana, Arial, Helvetica, sans-serif;
    font-size: 16px;
    margin-top: 24px;
    margin-bottom: 8px;
}
hr {
    margin-top: 2px;
    margin-bottom: 2px;
}
-->
</style>
</head>

<body>

<h1>This Page Cannot Be Displayed</h1>
<hr>

<p>
The system cannot communicate with the external server (&nbsp;ondemand.saucelabs.com&nbsp;).
The Internet server may be busy, may be permanently down, or may be
unreachable because of network problems.
</p>

<p>
Please check the spelling of the Internet address entered.
If it is correct, try this request later.
</p>



<p>
If you have questions, or feel this is an error, please contact
your organization's network administrator 
and provide the codes shown below.
</p>

<hr>
<table>
  <tr valign="top">
    <td valign="top" width="10%">Notification&nbsp;codes:&nbsp;</td>
    <td valign="top" class="code" width="90%">(1, GATEWAY_TIMEOUT, ondemand.saucelabs.com)</td>
  </tr>
</table>

</body>
</html>
Command duration or timeout: 120.59 seconds
Build info: version: '2.46.0', revision: '87c69e2', time: '2015-06-04 16:16:47'
System info: host: 'RSALECHA-M-6054', ip: '192.168.0.101', os.name: 'Mac OS X', os.arch: 'x86_64', os.version: '10.9.5', java.version: '1.8.0_51'
Driver info: org.openqa.selenium.remote.RemoteWebDriver
Capabilities [{applicationCacheEnabled=true, rotatable=false, hasMetadata=true, databaseEnabled=true, handlesAlerts=true, version=38.0, platform=MAC, nativeEvents=false, acceptSslCerts=true, webdriver.remote.sessionid=e7a9f197b9dc468abdf7cb9dd9c9ad75, locationContextEnabled=true, webStorageEnabled=true, takesScreenshot=true, browserName=firefox, javascriptEnabled=true, cssSelectorsEnabled=true}]
Session ID: e7a9f197b9dc468abdf7cb9dd9c9ad75]]>
            </message>
            <full-stacktrace>
              <![CDATA[org.openqa.selenium.WebDriverException: <!DOCTYPE HTML PUBLIC "-//W3C//DTD HTML 4.01 Transitional//EN"
"http://www.w3.org/TR/html4/loose.dtd">
<html>
<head>
<meta http-equiv="Content-Type" content="text/html; charset=UTF-8">
<title>Notification: Gateway Timeout</title>
<style type="text/css">
<!--
body {
    margin-left: 2%;
    margin-right: 2%;
}
p {
    font-family: verdana, Arial, Helvetica, sans-serif;
    font-size: 12px;
    top: 0px;
    margin-top: 6px;
    margin-bottom: 6px;
}
td {
    font-family: verdana, Arial, Helvetica, sans-serif;
    font-size: 12px;
    top: 0px;
}
.code {
    font-family: courier;
    font-size: 12px;
    top: 0px;
}
h1 {
    font-family: verdana, Arial, Helvetica, sans-serif;
    font-size: 16px;
    margin-top: 24px;
    margin-bottom: 8px;
}
hr {
    margin-top: 2px;
    margin-bottom: 2px;
}
-->
</style>
</head>

<body>

<h1>This Page Cannot Be Displayed</h1>
<hr>

<p>
The system cannot communicate with the external server (&nbsp;ondemand.saucelabs.com&nbsp;).
The Internet server may be busy, may be permanently down, or may be
unreachable because of network problems.
</p>

<p>
Please check the spelling of the Internet address entered.
If it is correct, try this request later.
</p>



<p>
If you have questions, or feel this is an error, please contact
your organization's network administrator 
and provide the codes shown below.
</p>

<hr>
<table>
  <tr valign="top">
    <td valign="top" width="10%">Notification&nbsp;codes:&nbsp;</td>
    <td valign="top" class="code" width="90%">(1, GATEWAY_TIMEOUT, ondemand.saucelabs.com)</td>
  </tr>
</table>

</body>
</html>
Command duration or timeout: 120.59 seconds
Build info: version: '2.46.0', revision: '87c69e2', time: '2015-06-04 16:16:47'
System info: host: 'RSALECHA-M-6054', ip: '192.168.0.101', os.name: 'Mac OS X', os.arch: 'x86_64', os.version: '10.9.5', java.version: '1.8.0_51'
Driver info: org.openqa.selenium.remote.RemoteWebDriver
Capabilities [{applicationCacheEnabled=true, rotatable=false, hasMetadata=true, databaseEnabled=true, handlesAlerts=true, version=38.0, platform=MAC, nativeEvents=false, acceptSslCerts=true, webdriver.remote.sessionid=e7a9f197b9dc468abdf7cb9dd9c9ad75, locationContextEnabled=true, webStorageEnabled=true, takesScreenshot=true, browserName=firefox, javascriptEnabled=true, cssSelectorsEnabled=true}]
Session ID: e7a9f197b9dc468abdf7cb9dd9c9ad75
	at sun.reflect.NativeConstructorAccessorImpl.newInstance0(Native Method)
	at sun.reflect.NativeConstructorAccessorImpl.newInstance(NativeConstructorAccessorImpl.java:62)
	at sun.reflect.DelegatingConstructorAccessorImpl.newInstance(DelegatingConstructorAccessorImpl.java:45)
	at java.lang.reflect.Constructor.newInstance(Constructor.java:422)
	at org.openqa.selenium.remote.ErrorHandler.createThrowable(ErrorHandler.java:204)
	at org.openqa.selenium.remote.ErrorHandler.throwIfResponseFailed(ErrorHandler.java:156)
	at org.openqa.selenium.remote.RemoteWebDriver.execute(RemoteWebDriver.java:605)
	at org.openqa.selenium.remote.RemoteWebDriver.execute(RemoteWebDriver.java:628)
	at org.openqa.selenium.remote.RemoteWebDriver$RemoteNavigation.refresh(RemoteWebDriver.java:868)
	at firstestngpackage.SecondTestNGFile.webDriver(SecondTestNGFile.java:164)
	at sun.reflect.NativeMethodAccessorImpl.invoke0(Native Method)
	at sun.reflect.NativeMethodAccessorImpl.invoke(NativeMethodAccessorImpl.java:62)
	at sun.reflect.DelegatingMethodAccessorImpl.invoke(DelegatingMethodAccessorImpl.java:43)
	at java.lang.reflect.Method.invoke(Method.java:497)
	at org.testng.internal.MethodInvocationHelper.invokeMethod(MethodInvocationHelper.java:85)
	at org.testng.internal.Invoker.invokeMethod(Invoker.java:648)
	at org.testng.internal.Invoker.invokeTestMethod(Invoker.java:834)
	at org.testng.internal.TestMethodWithDataProviderMethodWorker.call(TestMethodWithDataProviderMethodWorker.java:75)
	at org.testng.internal.TestMethodWithDataProviderMethodWorker.call(TestMethodWithDataProviderMethodWorker.java:14)
	at java.util.concurrent.FutureTask.run(FutureTask.java:266)
	at java.util.concurrent.Executors$RunnableAdapter.call(Executors.java:511)
	at java.util.concurrent.FutureTask.run(FutureTask.java:266)
	at java.util.concurrent.ThreadPoolExecutor.runWorker(ThreadPoolExecutor.java:1142)
	at java.util.concurrent.ThreadPoolExecutor$Worker.run(ThreadPoolExecutor.java:617)
	at java.lang.Thread.run(Thread.java:745)
]]>
            </full-stacktrace>
          </exception> <!-- org.openqa.selenium.WebDriverException -->
          <reporter-output>
          </reporter-output>
        </test-method> <!-- webDriver -->
        <test-method status="PASS" signature="webDriver(java.lang.String, java.lang.String, java.lang.String)[pri:0, instance:firstestngpackage.SecondTestNGFile@358c99f5]" name="webDriver" duration-ms="7140" started-at="2015-08-17T07:52:34Z" data-provider="hardCodedBrowsers" finished-at="2015-08-17T07:52:41Z">
          <params>
            <param index="0">
              <value>
                <![CDATA[firefox]]>
              </value>
            </param>
            <param index="1">
              <value>
                <![CDATA[38]]>
              </value>
            </param>
            <param index="2">
              <value>
                <![CDATA[LINUX]]>
              </value>
            </param>
          </params>
          <reporter-output>
          </reporter-output>
        </test-method> <!-- webDriver -->
      </class> <!-- firstestngpackage.SecondTestNGFile -->
    </test> <!-- T_02 -->
  </suite> <!-- Parallel test runs -->
</testng-results>
