<?xml version="1.0" encoding="UTF-8"?>
<!-- Generated by org.testng.reporters.JUnitXMLReporter -->
<testsuite hostname="RSALECHA-M-6054" name="T_06" tests="1" failures="1" timestamp="17 Aug 2015 07:20:08 GMT" time="615.367" errors="0">
  <testcase name="webDriver" time="388.981" classname="firstestngpackage.SixthTestNGFile">
    <failure type="java.lang.IndexOutOfBoundsException" message="Index: 3500, Size: 0">
      <![CDATA[java.lang.IndexOutOfBoundsException: Index: 3500, Size: 0
	at java.util.ArrayList.rangeCheck(ArrayList.java:653)
	at java.util.ArrayList.get(ArrayList.java:429)
	at firstestngpackage.SixthTestNGFile.webDriver(SixthTestNGFile.java:103)
	at java.util.concurrent.FutureTask.run(FutureTask.java:266)
	at java.util.concurrent.Executors$RunnableAdapter.call(Executors.java:511)
	at java.util.concurrent.FutureTask.run(FutureTask.java:266)
	at java.util.concurrent.ThreadPoolExecutor.runWorker(ThreadPoolExecutor.java:1142)
	at java.util.concurrent.ThreadPoolExecutor$Worker.run(ThreadPoolExecutor.java:617)
	at java.lang.Thread.run(Thread.java:745)
... Removed 9 stack frames]]>
    </failure>
  </testcase> <!-- webDriver -->
</testsuite> <!-- T_06 -->
