<?xml version="1.0" encoding="UTF-8"?>
<!-- Generated by org.testng.reporters.JUnitXMLReporter -->
<testsuite hostname="RSALECHA-M-6054" name="T_05" tests="1" failures="1" timestamp="13 Aug 2015 16:32:45 GMT" time="968.156" errors="0">
  <testcase name="test" time="968.147" classname="firstestngpackage.FifthTestNGFile">
    <failure type="java.lang.IllegalArgumentException" message="value may not be null.">
      <![CDATA[java.lang.IllegalArgumentException: value may not be null.
	at org.parse4j.ParseObject.put(ParseObject.java:357)
	at org.parse4j.ParseObject.put(ParseObject.java:339)
	at firstestngpackage.FifthTestNGFile.test(FifthTestNGFile.java:99)
	at java.util.concurrent.FutureTask.run(FutureTask.java:266)
	at java.util.concurrent.ThreadPoolExecutor.runWorker(ThreadPoolExecutor.java:1142)
	at java.util.concurrent.ThreadPoolExecutor$Worker.run(ThreadPoolExecutor.java:617)
	at java.lang.Thread.run(Thread.java:745)
... Removed 16 stack frames]]>
    </failure>
  </testcase> <!-- test -->
</testsuite> <!-- T_05 -->
