<?xml version="1.0" encoding="UTF-8"?>
<!-- Generated by org.testng.reporters.JUnitXMLReporter -->
<testsuite hostname="RSALECHA-M-6054" name="T_02" tests="1" failures="1" timestamp="17 Aug 2015 07:42:19 GMT" time="2355.274" errors="0">
  <testcase name="test" time="2355.264" classname="firstestngpackage.SecondTestNGFile">
    <failure type="org.openqa.selenium.NoSuchWindowException" message="Window not found. The browser window may have been closed.
Command duration or timeout: 8 milliseconds
Build info: version: &amp;apos;2.46.0&amp;apos;, revision: &amp;apos;87c69e2&amp;apos;, time: &amp;apos;2015-06-04 16:16:47&amp;apos;
System info: host: &amp;apos;RSALECHA-M-6054&amp;apos;, ip: &amp;apos;192.168.0.101&amp;apos;, os.name: &amp;apos;Mac OS X&amp;apos;, os.arch: &amp;apos;x86_64&amp;apos;, os.version: &amp;apos;10.9.5&amp;apos;, java.version: &amp;apos;1.8.0_51&amp;apos;
Driver info: org.openqa.selenium.firefox.FirefoxDriver
Capabilities [{applicationCacheEnabled=true, rotatable=false, handlesAlerts=true, databaseEnabled=true, version=39.0.3, platform=MAC, nativeEvents=false, acceptSslCerts=true, webStorageEnabled=true, locationContextEnabled=true, browserName=firefox, takesScreenshot=true, javascriptEnabled=true, cssSelectorsEnabled=true}]
Session ID: 2c5e3a8a-69d1-504d-a939-fbb5b9ea7e27">
      <![CDATA[org.openqa.selenium.NoSuchWindowException: Window not found. The browser window may have been closed.
Command duration or timeout: 8 milliseconds
Build info: version: '2.46.0', revision: '87c69e2', time: '2015-06-04 16:16:47'
System info: host: 'RSALECHA-M-6054', ip: '192.168.0.101', os.name: 'Mac OS X', os.arch: 'x86_64', os.version: '10.9.5', java.version: '1.8.0_51'
Driver info: org.openqa.selenium.firefox.FirefoxDriver
Capabilities [{applicationCacheEnabled=true, rotatable=false, handlesAlerts=true, databaseEnabled=true, version=39.0.3, platform=MAC, nativeEvents=false, acceptSslCerts=true, webStorageEnabled=true, locationContextEnabled=true, browserName=firefox, takesScreenshot=true, javascriptEnabled=true, cssSelectorsEnabled=true}]
Session ID: 2c5e3a8a-69d1-504d-a939-fbb5b9ea7e27
	at org.openqa.selenium.remote.ErrorHandler.createThrowable(ErrorHandler.java:204)
	at org.openqa.selenium.remote.ErrorHandler.throwIfResponseFailed(ErrorHandler.java:156)
	at org.openqa.selenium.remote.RemoteWebDriver.execute(RemoteWebDriver.java:605)
	at org.openqa.selenium.remote.RemoteWebElement.execute(RemoteWebElement.java:269)
	at org.openqa.selenium.remote.RemoteWebElement.click(RemoteWebElement.java:80)
	at firstestngpackage.SecondTestNGFile.test(SecondTestNGFile.java:72)
	at java.util.concurrent.FutureTask.run(FutureTask.java:266)
	at java.util.concurrent.ThreadPoolExecutor.runWorker(ThreadPoolExecutor.java:1142)
	at java.util.concurrent.ThreadPoolExecutor$Worker.run(ThreadPoolExecutor.java:617)
	at java.lang.Thread.run(Thread.java:745)
Caused by: org.openqa.selenium.NoSuchWindowException: Window not found. The browser window may have been closed.
Build info: version: '2.46.0', revision: '87c69e2', time: '2015-06-04 16:16:47'
System info: host: 'RSALECHA-M-6054', ip: '192.168.0.101', os.name: 'Mac OS X', os.arch: 'x86_64', os.version: '10.9.5', java.version: '1.8.0_51'
Driver info: driver.version: unknown
	at <anonymous class>.nsCommandProcessor.prototype.execute(file:///var/folders/82/krtcrdvj50s0x4q8fdv8nv2m0000gn/T/anonymous9078672255810965605webdriver-profile/extensions/fxdriver@googlecode.com/components/command-processor.js:12350)
	at <anonymous class>.Dispatcher.executeAs/<(file:///var/folders/82/krtcrdvj50s0x4q8fdv8nv2m0000gn/T/anonymous9078672255810965605webdriver-profile/extensions/fxdriver@googlecode.com/components/driver-component.js:9089)
	at <anonymous class>.Resource.prototype.handle(file:///var/folders/82/krtcrdvj50s0x4q8fdv8nv2m0000gn/T/anonymous9078672255810965605webdriver-profile/extensions/fxdriver@googlecode.com/components/driver-component.js:9236)
	at <anonymous class>.Dispatcher.prototype.dispatch(file:///var/folders/82/krtcrdvj50s0x4q8fdv8nv2m0000gn/T/anonymous9078672255810965605webdriver-profile/extensions/fxdriver@googlecode.com/components/driver-component.js:9183)
	at <anonymous class>.WebDriverServer/<.handle(file:///var/folders/82/krtcrdvj50s0x4q8fdv8nv2m0000gn/T/anonymous9078672255810965605webdriver-profile/extensions/fxdriver@googlecode.com/components/driver-component.js:12136)
	at <anonymous class>.createHandlerFunc/<(file:///var/folders/82/krtcrdvj50s0x4q8fdv8nv2m0000gn/T/anonymous9078672255810965605webdriver-profile/extensions/fxdriver@googlecode.com/components/httpd.js:2054)
	at <anonymous class>.ServerHandler.prototype.handleResponse(file:///var/folders/82/krtcrdvj50s0x4q8fdv8nv2m0000gn/T/anonymous9078672255810965605webdriver-profile/extensions/fxdriver@googlecode.com/components/httpd.js:2387)
	at <anonymous class>.Connection.prototype.process(file:///var/folders/82/krtcrdvj50s0x4q8fdv8nv2m0000gn/T/anonymous9078672255810965605webdriver-profile/extensions/fxdriver@googlecode.com/components/httpd.js:1223)
	at <anonymous class>.RequestReader.prototype._handleResponse(file:///var/folders/82/krtcrdvj50s0x4q8fdv8nv2m0000gn/T/anonymous9078672255810965605webdriver-profile/extensions/fxdriver@googlecode.com/components/httpd.js:1677)
	at <anonymous class>.RequestReader.prototype._processBody(file:///var/folders/82/krtcrdvj50s0x4q8fdv8nv2m0000gn/T/anonymous9078672255810965605webdriver-profile/extensions/fxdriver@googlecode.com/components/httpd.js:1525)
	at <anonymous class>.RequestReader.prototype.onInputStreamReady(file:///var/folders/82/krtcrdvj50s0x4q8fdv8nv2m0000gn/T/anonymous9078672255810965605webdriver-profile/extensions/fxdriver@googlecode.com/components/httpd.js:1393)
... Removed 20 stack frames]]>
    </failure>
  </testcase> <!-- test -->
</testsuite> <!-- T_02 -->
