<?xml version="1.0" encoding="UTF-8"?>
<!-- Generated by org.testng.reporters.JUnitXMLReporter -->
<testsuite hostname="RSALECHA-M-6054" name="T_07" tests="1" failures="1" timestamp="15 Aug 2015 16:23:18 GMT" time="35.264" errors="0">
  <testcase name="test" time="35.26" classname="firstestngpackage.SeventhTestNGFile">
    <failure type="java.lang.IndexOutOfBoundsException" message="Index: 600, Size: 0">
      <![CDATA[java.lang.IndexOutOfBoundsException: Index: 600, Size: 0
	at java.util.ArrayList.rangeCheck(ArrayList.java:653)
	at java.util.ArrayList.get(ArrayList.java:429)
	at firstestngpackage.SeventhTestNGFile.test(SeventhTestNGFile.java:48)
	at java.util.concurrent.FutureTask.run(FutureTask.java:266)
	at java.util.concurrent.ThreadPoolExecutor.runWorker(ThreadPoolExecutor.java:1142)
	at java.util.concurrent.ThreadPoolExecutor$Worker.run(ThreadPoolExecutor.java:617)
	at java.lang.Thread.run(Thread.java:745)
... Removed 16 stack frames]]>
    </failure>
  </testcase> <!-- test -->
</testsuite> <!-- T_07 -->
