<?xml version="1.0" encoding="UTF-8"?>
<!-- Generated by org.testng.reporters.JUnitXMLReporter -->
<testsuite hostname="RSALECHA-M-6054" name="T_08" tests="1" failures="1" timestamp="15 Aug 2015 16:23:29 GMT" time="44.612" errors="0">
  <testcase name="test" time="44.607" classname="firstestngpackage.EighthTestNGFile">
    <failure type="java.lang.IndexOutOfBoundsException" message="Index: 700, Size: 0">
      <![CDATA[java.lang.IndexOutOfBoundsException: Index: 700, Size: 0
	at java.util.ArrayList.rangeCheck(ArrayList.java:653)
	at java.util.ArrayList.get(ArrayList.java:429)
	at firstestngpackage.EighthTestNGFile.test(EighthTestNGFile.java:48)
	at java.util.concurrent.FutureTask.run(FutureTask.java:266)
	at java.util.concurrent.ThreadPoolExecutor.runWorker(ThreadPoolExecutor.java:1142)
	at java.util.concurrent.ThreadPoolExecutor$Worker.run(ThreadPoolExecutor.java:617)
	at java.lang.Thread.run(Thread.java:745)
... Removed 16 stack frames]]>
    </failure>
  </testcase> <!-- test -->
</testsuite> <!-- T_08 -->
