<?xml version="1.0" encoding="UTF-8"?>
<!-- Generated by org.testng.reporters.JUnitXMLReporter -->
<testsuite hostname="RSALECHA-M-6054" name="T_09" tests="1" failures="1" timestamp="14 Aug 2015 05:36:13 GMT" time="334.426" errors="0">
  <testcase name="test" time="334.424" classname="firstestngpackage.NinthTestNGFile">
    <failure type="org.parse4j.ParseException" message="Connection failed with Parse servers.  Log: Connection reset">
      <![CDATA[ParseException [code=100, error=Connection failed with Parse servers.  Log: Connection reset]
	at org.parse4j.command.ParseResponse.getConnectionFailedException(ParseResponse.java:51)
	at org.parse4j.command.ParseCommand.perform(ParseCommand.java:58)
	at org.parse4j.ParseObject.save(ParseObject.java:459)
	at firstestngpackage.NinthTestNGFile.test(NinthTestNGFile.java:100)
	at java.util.concurrent.FutureTask.run(FutureTask.java:266)
	at java.util.concurrent.ThreadPoolExecutor.runWorker(ThreadPoolExecutor.java:1142)
	at java.util.concurrent.ThreadPoolExecutor$Worker.run(ThreadPoolExecutor.java:617)
	at java.lang.Thread.run(Thread.java:745)
... Removed 16 stack frames]]>
    </failure>
  </testcase> <!-- test -->
</testsuite> <!-- T_09 -->
