<?xml version="1.0" encoding="UTF-8"?>
<!-- Generated by org.testng.reporters.JUnitXMLReporter -->
<testsuite hostname="RSALECHA-M-6054" name="T_01" tests="1" failures="1" timestamp="17 Aug 2015 16:28:08 GMT" time="5741.229" errors="0">
  <testcase name="webDriver" time="5740.712" classname="firstestngpackage.Test1">
    <failure type="org.openqa.selenium.WebDriverException" message="&amp;lt;!DOCTYPE HTML PUBLIC &amp;quot;-//W3C//DTD HTML 4.01 Transitional//EN&amp;quot;
&amp;quot;http://www.w3.org/TR/html4/loose.dtd&amp;quot;&amp;gt;
&amp;lt;html&amp;gt;
&amp;lt;head&amp;gt;
&amp;lt;meta http-equiv=&amp;quot;Content-Type&amp;quot; content=&amp;quot;text/html; charset=UTF-8&amp;quot;&amp;gt;
&amp;lt;title&amp;gt;Notification: Gateway Timeout&amp;lt;/title&amp;gt;
&amp;lt;style type=&amp;quot;text/css&amp;quot;&amp;gt;
&amp;lt;!--
body {
    margin-left: 2%;
    margin-right: 2%;
}
p {
    font-family: verdana, Arial, Helvetica, sans-serif;
    font-size: 12px;
    top: 0px;
    margin-top: 6px;
    margin-bottom: 6px;
}
td {
    font-family: verdana, Arial, Helvetica, sans-serif;
    font-size: 12px;
    top: 0px;
}
.code {
    font-family: courier;
    font-size: 12px;
    top: 0px;
}
h1 {
    font-family: verdana, Arial, Helvetica, sans-serif;
    font-size: 16px;
    margin-top: 24px;
    margin-bottom: 8px;
}
hr {
    margin-top: 2px;
    margin-bottom: 2px;
}
--&amp;gt;
&amp;lt;/style&amp;gt;
&amp;lt;/head&amp;gt;

&amp;lt;body&amp;gt;

&amp;lt;h1&amp;gt;This Page Cannot Be Displayed&amp;lt;/h1&amp;gt;
&amp;lt;hr&amp;gt;

&amp;lt;p&amp;gt;
The system cannot communicate with the external server (&amp;amp;nbsp;ondemand.saucelabs.com&amp;amp;nbsp;).
The Internet server may be busy, may be permanently down, or may be
unreachable because of network problems.
&amp;lt;/p&amp;gt;

&amp;lt;p&amp;gt;
Please check the spelling of the Internet address entered.
If it is correct, try this request later.
&amp;lt;/p&amp;gt;



&amp;lt;p&amp;gt;
If you have questions, or feel this is an error, please contact
your organization&amp;apos;s network administrator 
and provide the codes shown below.
&amp;lt;/p&amp;gt;

&amp;lt;hr&amp;gt;
&amp;lt;table&amp;gt;
  &amp;lt;tr valign=&amp;quot;top&amp;quot;&amp;gt;
    &amp;lt;td valign=&amp;quot;top&amp;quot; width=&amp;quot;10%&amp;quot;&amp;gt;Notification&amp;amp;nbsp;codes:&amp;amp;nbsp;&amp;lt;/td&amp;gt;
    &amp;lt;td valign=&amp;quot;top&amp;quot; class=&amp;quot;code&amp;quot; width=&amp;quot;90%&amp;quot;&amp;gt;(1, GATEWAY_TIMEOUT, ondemand.saucelabs.com)&amp;lt;/td&amp;gt;
  &amp;lt;/tr&amp;gt;
&amp;lt;/table&amp;gt;

&amp;lt;/body&amp;gt;
&amp;lt;/html&amp;gt;
Command duration or timeout: 420.92 seconds
Build info: version: &amp;apos;2.46.0&amp;apos;, revision: &amp;apos;87c69e2&amp;apos;, time: &amp;apos;2015-06-04 16:16:47&amp;apos;
System info: host: &amp;apos;RSALECHA-M-6054&amp;apos;, ip: &amp;apos;192.168.0.101&amp;apos;, os.name: &amp;apos;Mac OS X&amp;apos;, os.arch: &amp;apos;x86_64&amp;apos;, os.version: &amp;apos;10.9.5&amp;apos;, java.version: &amp;apos;1.8.0_51&amp;apos;
Driver info: org.openqa.selenium.remote.RemoteWebDriver
Capabilities [{applicationCacheEnabled=true, rotatable=false, hasMetadata=true, databaseEnabled=true, handlesAlerts=true, version=38.0.1, platform=LINUX, nativeEvents=false, acceptSslCerts=true, webdriver.remote.sessionid=969d5f5b684d42d5a95d0d0868b6e897, locationContextEnabled=true, webStorageEnabled=true, takesScreenshot=true, browserName=firefox, javascriptEnabled=true, cssSelectorsEnabled=true}]
Session ID: 969d5f5b684d42d5a95d0d0868b6e897
*** Element info: {Using=xpath, value=//*[@id=&amp;apos;header&amp;apos;]/div/div/div/a}">
      <![CDATA[org.openqa.selenium.WebDriverException: <!DOCTYPE HTML PUBLIC "-//W3C//DTD HTML 4.01 Transitional//EN"
"http://www.w3.org/TR/html4/loose.dtd">
<html>
<head>
<meta http-equiv="Content-Type" content="text/html; charset=UTF-8">
<title>Notification: Gateway Timeout</title>
<style type="text/css">
<!--
body {
    margin-left: 2%;
    margin-right: 2%;
}
p {
    font-family: verdana, Arial, Helvetica, sans-serif;
    font-size: 12px;
    top: 0px;
    margin-top: 6px;
    margin-bottom: 6px;
}
td {
    font-family: verdana, Arial, Helvetica, sans-serif;
    font-size: 12px;
    top: 0px;
}
.code {
    font-family: courier;
    font-size: 12px;
    top: 0px;
}
h1 {
    font-family: verdana, Arial, Helvetica, sans-serif;
    font-size: 16px;
    margin-top: 24px;
    margin-bottom: 8px;
}
hr {
    margin-top: 2px;
    margin-bottom: 2px;
}
-->
</style>
</head>

<body>

<h1>This Page Cannot Be Displayed</h1>
<hr>

<p>
The system cannot communicate with the external server (&nbsp;ondemand.saucelabs.com&nbsp;).
The Internet server may be busy, may be permanently down, or may be
unreachable because of network problems.
</p>

<p>
Please check the spelling of the Internet address entered.
If it is correct, try this request later.
</p>



<p>
If you have questions, or feel this is an error, please contact
your organization's network administrator 
and provide the codes shown below.
</p>

<hr>
<table>
  <tr valign="top">
    <td valign="top" width="10%">Notification&nbsp;codes:&nbsp;</td>
    <td valign="top" class="code" width="90%">(1, GATEWAY_TIMEOUT, ondemand.saucelabs.com)</td>
  </tr>
</table>

</body>
</html>
Command duration or timeout: 420.92 seconds
Build info: version: '2.46.0', revision: '87c69e2', time: '2015-06-04 16:16:47'
System info: host: 'RSALECHA-M-6054', ip: '192.168.0.101', os.name: 'Mac OS X', os.arch: 'x86_64', os.version: '10.9.5', java.version: '1.8.0_51'
Driver info: org.openqa.selenium.remote.RemoteWebDriver
Capabilities [{applicationCacheEnabled=true, rotatable=false, hasMetadata=true, databaseEnabled=true, handlesAlerts=true, version=38.0.1, platform=LINUX, nativeEvents=false, acceptSslCerts=true, webdriver.remote.sessionid=969d5f5b684d42d5a95d0d0868b6e897, locationContextEnabled=true, webStorageEnabled=true, takesScreenshot=true, browserName=firefox, javascriptEnabled=true, cssSelectorsEnabled=true}]
Session ID: 969d5f5b684d42d5a95d0d0868b6e897
*** Element info: {Using=xpath, value=//*[@id='header']/div/div/div/a}
	at org.openqa.selenium.remote.ErrorHandler.createThrowable(ErrorHandler.java:204)
	at org.openqa.selenium.remote.ErrorHandler.throwIfResponseFailed(ErrorHandler.java:156)
	at org.openqa.selenium.remote.RemoteWebDriver.execute(RemoteWebDriver.java:605)
	at org.openqa.selenium.remote.RemoteWebDriver.findElement(RemoteWebDriver.java:358)
	at org.openqa.selenium.remote.RemoteWebDriver.findElementByXPath(RemoteWebDriver.java:455)
	at org.openqa.selenium.By$ByXPath.findElement(By.java:358)
	at org.openqa.selenium.remote.RemoteWebDriver.findElement(RemoteWebDriver.java:350)
	at org.openqa.selenium.support.ui.ExpectedConditions.findElement(ExpectedConditions.java:809)
	at org.openqa.selenium.support.ui.ExpectedConditions.access$0(ExpectedConditions.java:807)
	at org.openqa.selenium.support.ui.ExpectedConditions$7.apply(ExpectedConditions.java:205)
	at org.openqa.selenium.support.ui.ExpectedConditions$7.apply(ExpectedConditions.java:1)
	at org.openqa.selenium.support.ui.ExpectedConditions$20.apply(ExpectedConditions.java:603)
	at org.openqa.selenium.support.ui.ExpectedConditions$20.apply(ExpectedConditions.java:1)
	at org.openqa.selenium.support.ui.FluentWait.until(FluentWait.java:209)
	at firstestngpackage.Test1.null(Unknown Source)
	at java.util.concurrent.FutureTask.run(FutureTask.java:266)
	at java.util.concurrent.Executors$RunnableAdapter.call(Executors.java:511)
	at java.util.concurrent.FutureTask.run(FutureTask.java:266)
	at java.util.concurrent.ThreadPoolExecutor.runWorker(ThreadPoolExecutor.java:1142)
	at java.util.concurrent.ThreadPoolExecutor$Worker.run(ThreadPoolExecutor.java:617)
	at java.lang.Thread.run(Thread.java:745)
... Removed 13 stack frames]]>
    </failure>
  </testcase> <!-- webDriver -->
</testsuite> <!-- T_01 -->
