<?xml version="1.0" encoding="UTF-8"?>
<testng-results skipped="0" failed="1" total="1" passed="0">
  <reporter-output>
  </reporter-output>
  <suite name="My Test Suite" duration-ms="0" started-at="2015-08-17T16:28:08Z" finished-at="2015-08-17T16:28:08Z">
    <groups>
    </groups>
  </suite> <!-- My Test Suite -->
  <suite name="Parallel test runs" duration-ms="5741229" started-at="2015-08-17T14:52:27Z" finished-at="2015-08-17T16:28:08Z">
    <groups>
    </groups>
    <test name="T_01" duration-ms="5741229" started-at="2015-08-17T14:52:27Z" finished-at="2015-08-17T16:28:08Z">
      <class name="firstestngpackage.Test1">
        <test-method status="FAIL" signature="webDriver(java.lang.String, java.lang.String, java.lang.String)[pri:0, instance:firstestngpackage.Test1@36f0f1be]" name="webDriver" duration-ms="5740712" started-at="2015-08-17T07:52:27Z" data-provider="hardCodedBrowsers" finished-at="2015-08-17T09:28:07Z">
          <params>
            <param index="0">
              <value>
                <![CDATA[firefox]]>
              </value>
            </param>
            <param index="1">
              <value>
                <![CDATA[38]]>
              </value>
            </param>
            <param index="2">
              <value>
                <![CDATA[LINUX]]>
              </value>
            </param>
          </params>
          <exception class="org.openqa.selenium.WebDriverException">
            <message>
              <![CDATA[<!DOCTYPE HTML PUBLIC "-//W3C//DTD HTML 4.01 Transitional//EN"
"http://www.w3.org/TR/html4/loose.dtd">
<html>
<head>
<meta http-equiv="Content-Type" content="text/html; charset=UTF-8">
<title>Notification: Gateway Timeout</title>
<style type="text/css">
<!--
body {
    margin-left: 2%;
    margin-right: 2%;
}
p {
    font-family: verdana, Arial, Helvetica, sans-serif;
    font-size: 12px;
    top: 0px;
    margin-top: 6px;
    margin-bottom: 6px;
}
td {
    font-family: verdana, Arial, Helvetica, sans-serif;
    font-size: 12px;
    top: 0px;
}
.code {
    font-family: courier;
    font-size: 12px;
    top: 0px;
}
h1 {
    font-family: verdana, Arial, Helvetica, sans-serif;
    font-size: 16px;
    margin-top: 24px;
    margin-bottom: 8px;
}
hr {
    margin-top: 2px;
    margin-bottom: 2px;
}
-->
</style>
</head>

<body>

<h1>This Page Cannot Be Displayed</h1>
<hr>

<p>
The system cannot communicate with the external server (&nbsp;ondemand.saucelabs.com&nbsp;).
The Internet server may be busy, may be permanently down, or may be
unreachable because of network problems.
</p>

<p>
Please check the spelling of the Internet address entered.
If it is correct, try this request later.
</p>



<p>
If you have questions, or feel this is an error, please contact
your organization's network administrator 
and provide the codes shown below.
</p>

<hr>
<table>
  <tr valign="top">
    <td valign="top" width="10%">Notification&nbsp;codes:&nbsp;</td>
    <td valign="top" class="code" width="90%">(1, GATEWAY_TIMEOUT, ondemand.saucelabs.com)</td>
  </tr>
</table>

</body>
</html>
Command duration or timeout: 420.92 seconds
Build info: version: '2.46.0', revision: '87c69e2', time: '2015-06-04 16:16:47'
System info: host: 'RSALECHA-M-6054', ip: '192.168.0.101', os.name: 'Mac OS X', os.arch: 'x86_64', os.version: '10.9.5', java.version: '1.8.0_51'
Driver info: org.openqa.selenium.remote.RemoteWebDriver
Capabilities [{applicationCacheEnabled=true, rotatable=false, hasMetadata=true, databaseEnabled=true, handlesAlerts=true, version=38.0.1, platform=LINUX, nativeEvents=false, acceptSslCerts=true, webdriver.remote.sessionid=969d5f5b684d42d5a95d0d0868b6e897, locationContextEnabled=true, webStorageEnabled=true, takesScreenshot=true, browserName=firefox, javascriptEnabled=true, cssSelectorsEnabled=true}]
Session ID: 969d5f5b684d42d5a95d0d0868b6e897
*** Element info: {Using=xpath, value=//*[@id='header']/div/div/div/a}]]>
            </message>
            <full-stacktrace>
              <![CDATA[org.openqa.selenium.WebDriverException: <!DOCTYPE HTML PUBLIC "-//W3C//DTD HTML 4.01 Transitional//EN"
"http://www.w3.org/TR/html4/loose.dtd">
<html>
<head>
<meta http-equiv="Content-Type" content="text/html; charset=UTF-8">
<title>Notification: Gateway Timeout</title>
<style type="text/css">
<!--
body {
    margin-left: 2%;
    margin-right: 2%;
}
p {
    font-family: verdana, Arial, Helvetica, sans-serif;
    font-size: 12px;
    top: 0px;
    margin-top: 6px;
    margin-bottom: 6px;
}
td {
    font-family: verdana, Arial, Helvetica, sans-serif;
    font-size: 12px;
    top: 0px;
}
.code {
    font-family: courier;
    font-size: 12px;
    top: 0px;
}
h1 {
    font-family: verdana, Arial, Helvetica, sans-serif;
    font-size: 16px;
    margin-top: 24px;
    margin-bottom: 8px;
}
hr {
    margin-top: 2px;
    margin-bottom: 2px;
}
-->
</style>
</head>

<body>

<h1>This Page Cannot Be Displayed</h1>
<hr>

<p>
The system cannot communicate with the external server (&nbsp;ondemand.saucelabs.com&nbsp;).
The Internet server may be busy, may be permanently down, or may be
unreachable because of network problems.
</p>

<p>
Please check the spelling of the Internet address entered.
If it is correct, try this request later.
</p>



<p>
If you have questions, or feel this is an error, please contact
your organization's network administrator 
and provide the codes shown below.
</p>

<hr>
<table>
  <tr valign="top">
    <td valign="top" width="10%">Notification&nbsp;codes:&nbsp;</td>
    <td valign="top" class="code" width="90%">(1, GATEWAY_TIMEOUT, ondemand.saucelabs.com)</td>
  </tr>
</table>

</body>
</html>
Command duration or timeout: 420.92 seconds
Build info: version: '2.46.0', revision: '87c69e2', time: '2015-06-04 16:16:47'
System info: host: 'RSALECHA-M-6054', ip: '192.168.0.101', os.name: 'Mac OS X', os.arch: 'x86_64', os.version: '10.9.5', java.version: '1.8.0_51'
Driver info: org.openqa.selenium.remote.RemoteWebDriver
Capabilities [{applicationCacheEnabled=true, rotatable=false, hasMetadata=true, databaseEnabled=true, handlesAlerts=true, version=38.0.1, platform=LINUX, nativeEvents=false, acceptSslCerts=true, webdriver.remote.sessionid=969d5f5b684d42d5a95d0d0868b6e897, locationContextEnabled=true, webStorageEnabled=true, takesScreenshot=true, browserName=firefox, javascriptEnabled=true, cssSelectorsEnabled=true}]
Session ID: 969d5f5b684d42d5a95d0d0868b6e897
*** Element info: {Using=xpath, value=//*[@id='header']/div/div/div/a}
	at sun.reflect.NativeConstructorAccessorImpl.newInstance0(Native Method)
	at sun.reflect.NativeConstructorAccessorImpl.newInstance(NativeConstructorAccessorImpl.java:62)
	at sun.reflect.DelegatingConstructorAccessorImpl.newInstance(DelegatingConstructorAccessorImpl.java:45)
	at java.lang.reflect.Constructor.newInstance(Constructor.java:422)
	at org.openqa.selenium.remote.ErrorHandler.createThrowable(ErrorHandler.java:204)
	at org.openqa.selenium.remote.ErrorHandler.throwIfResponseFailed(ErrorHandler.java:156)
	at org.openqa.selenium.remote.RemoteWebDriver.execute(RemoteWebDriver.java:605)
	at org.openqa.selenium.remote.RemoteWebDriver.findElement(RemoteWebDriver.java:358)
	at org.openqa.selenium.remote.RemoteWebDriver.findElementByXPath(RemoteWebDriver.java:455)
	at org.openqa.selenium.By$ByXPath.findElement(By.java:358)
	at org.openqa.selenium.remote.RemoteWebDriver.findElement(RemoteWebDriver.java:350)
	at org.openqa.selenium.support.ui.ExpectedConditions.findElement(ExpectedConditions.java:809)
	at org.openqa.selenium.support.ui.ExpectedConditions.access$0(ExpectedConditions.java:807)
	at org.openqa.selenium.support.ui.ExpectedConditions$7.apply(ExpectedConditions.java:205)
	at org.openqa.selenium.support.ui.ExpectedConditions$7.apply(ExpectedConditions.java:1)
	at org.openqa.selenium.support.ui.ExpectedConditions$20.apply(ExpectedConditions.java:603)
	at org.openqa.selenium.support.ui.ExpectedConditions$20.apply(ExpectedConditions.java:1)
	at org.openqa.selenium.support.ui.FluentWait.until(FluentWait.java:209)
	at firstestngpackage.Test1.null(Unknown Source)
	at sun.reflect.NativeMethodAccessorImpl.invoke0(Native Method)
	at sun.reflect.NativeMethodAccessorImpl.invoke(NativeMethodAccessorImpl.java:62)
	at sun.reflect.DelegatingMethodAccessorImpl.invoke(DelegatingMethodAccessorImpl.java:43)
	at java.lang.reflect.Method.invoke(Method.java:497)
	at org.testng.internal.MethodInvocationHelper.invokeMethod(MethodInvocationHelper.java:85)
	at org.testng.internal.Invoker.invokeMethod(Invoker.java:648)
	at org.testng.internal.Invoker.invokeTestMethod(Invoker.java:834)
	at org.testng.internal.TestMethodWithDataProviderMethodWorker.call(TestMethodWithDataProviderMethodWorker.java:75)
	at org.testng.internal.TestMethodWithDataProviderMethodWorker.call(TestMethodWithDataProviderMethodWorker.java:14)
	at java.util.concurrent.FutureTask.run(FutureTask.java:266)
	at java.util.concurrent.Executors$RunnableAdapter.call(Executors.java:511)
	at java.util.concurrent.FutureTask.run(FutureTask.java:266)
	at java.util.concurrent.ThreadPoolExecutor.runWorker(ThreadPoolExecutor.java:1142)
	at java.util.concurrent.ThreadPoolExecutor$Worker.run(ThreadPoolExecutor.java:617)
	at java.lang.Thread.run(Thread.java:745)
]]>
            </full-stacktrace>
          </exception> <!-- org.openqa.selenium.WebDriverException -->
          <reporter-output>
          </reporter-output>
        </test-method> <!-- webDriver -->
      </class> <!-- firstestngpackage.Test1 -->
    </test> <!-- T_01 -->
  </suite> <!-- Parallel test runs -->
</testng-results>
